<?xml version="1.0" encoding="UTF-8"?>
<!-- Generated by org.testng.reporters.JUnitXMLReporter -->
<testsuite ignored="0" hostname="LAPTOP-F2SGJ9E1" failures="3" tests="10" name="Test" time="25.164" errors="0" timestamp="2024-11-11T17:34:41 IST">
  <testcase classname="api.test.PetTest" name="testPostPet" time="5.621"/>
  <testcase classname="api.test.PetTest" name="testGetPet" time="2.251"/>
  <testcase classname="api.test.PetTest" name="testUpdatePet" time="1.562"/>
  <testcase classname="api.test.UserTest" name="postUser" time="2.539"/>
  <testcase classname="api.test.UserTest" name="getUser" time="1.794"/>
  <testcase classname="api.test.UserTest" name="UpdateUser" time="1.748"/>
  <testcase classname="api.test.UserTest" name="DeleteUser" time="1.942"/>
  <testcase classname="api.test.storeTest" name="postStore" time="1.942">
    <failure type="java.lang.ClassCastException" message="class java.lang.Long cannot be cast to class java.lang.Integer (java.lang.Long and java.lang.Integer are in module java.base of loader &amp;apos;bootstrap&amp;apos;)">
      <![CDATA[java.lang.ClassCastException: class java.lang.Long cannot be cast to class java.lang.Integer (java.lang.Long and java.lang.Integer are in module java.base of loader 'bootstrap')
at api.test.storeTest.postStore(storeTest.java:40)
at java.base/java.util.ArrayList.forEach(ArrayList.java:1597)
... Removed 25 stack frames]]>
    </failure>
  </testcase> <!-- postStore -->
  <testcase classname="api.test.storeTest" name="getStore" time="2.239">
    <failure type="java.lang.AssertionError" message="expected [200] but found [404]">
      <![CDATA[java.lang.AssertionError: expected [200] but found [404]
at api.test.storeTest.getStore(storeTest.java:50)
at java.base/java.util.ArrayList.forEach(ArrayList.java:1597)
... Removed 32 stack frames]]>
    </failure>
  </testcase> <!-- getStore -->
  <testcase classname="api.test.storeTest" name="deleteStore" time="2.849">
    <failure type="java.lang.AssertionError" message="expected [200] but found [404]">
      <![CDATA[java.lang.AssertionError: expected [200] but found [404]
at api.test.storeTest.deleteStore(storeTest.java:58)
at java.base/java.util.ArrayList.forEach(ArrayList.java:1597)
... Removed 32 stack frames]]>
    </failure>
  </testcase> <!-- deleteStore -->
</testsuite> <!-- Test -->
